<?xml version="1.0" encoding="UTF-8"?>
<!-- Generated by org.testng.reporters.JUnitReportReporter -->
<testsuite skipped="0" hostname="DESKTOP-C0LA78F" name="com.actitime.test.CreateCustomer" tests="1" failures="0" timestamp="11 Sep 2020 09:25:17 GMT" time="22.910" errors="0">
  <testcase name="testCreateCustomer" time="22.910" classname="com.actitime.test.CreateCustomer"/>
</testsuite> <!-- com.actitime.test.CreateCustomer -->
